<?xml version="1.0" encoding="UTF-8"?>
<testsuite name="com.cloudsoftware.calculator.CalculatorTest" tests="2" skipped="0" failures="0" errors="0" timestamp="2018-05-15T06:46:00" hostname="cloudsoftware-OptiPlex-3050" time="0.001">
  <properties/>
  <testcase name="testSum" classname="com.cloudsoftware.calculator.CalculatorTest" time="0.001"/>
  <testcase name="testMulti" classname="com.cloudsoftware.calculator.CalculatorTest" time="0.0"/>
  <system-out><![CDATA[]]></system-out>
  <system-err><![CDATA[]]></system-err>
</testsuite>
